# JRE version: OpenJDK Runtime Environment (21.0.8) (build 21.0.8+-14196175-b1038.72)
# Java VM: OpenJDK 64-Bit Server VM (21.0.8+-14196175-b1038.72, mixed mode, tiered, compressed oops, compressed class ptrs, g1 gc, windows-amd64)
GC Precious Log:
 CardTable entry size: 512
 Card Set container configuration: InlinePtr #cards 5 size 8 Array Of Cards #cards 12 size 40 Howl #buckets 4 coarsen threshold 1843 Howl Bitmap #cards 512 size 80 coarsen threshold 460 Card regions per heap region 1 cards per card region 2048
 CPUs: 16 total, 16 available
 Memory: 16085M
 Large Page Support: Disabled
 NUMA Support: Disabled
 Compressed Oops: Enabled (32-bit)
 Heap Region Size: 1M
 Heap Min Capacity: 8M
 Heap Initial Capacity: 252M
 Heap Max Capacity: 2G
 Pre-touch: Disabled
 Parallel Workers: 13
 Concurrent Workers: 3
 Concurrent Refinement Workers: 13
 Periodic GC: Disabled
Heap:
 garbage-first heap   total 330752K, used 231833K [0x0000000080000000, 0x0000000100000000)
  region size 1024K, 62 young (63488K), 18 survivors (18432K)
 Metaspace       used 167374K, committed 169920K, reserved 1245184K
  class space    used 23604K, committed 24832K, reserved 1048576K
GC Heap History (20 events):
Event: 238.492 GC heap before
{Heap before GC invocations=46 (full 0):
 garbage-first heap   total 242688K, used 225008K [0x0000000080000000, 0x0000000100000000)
  region size 1024K, 56 young (57344K), 8 survivors (8192K)
 Metaspace       used 126425K, committed 128768K, reserved 1179648K
  class space    used 17560K, committed 18688K, reserved 1048576K
}
Event: 238.505 GC heap after
{Heap after GC invocations=47 (full 0):
 garbage-first heap   total 246784K, used 169984K [0x0000000080000000, 0x0000000100000000)
  region size 1024K, 7 young (7168K), 7 survivors (7168K)
 Metaspace       used 126425K, committed 128768K, reserved 1179648K
  class space    used 17560K, committed 18688K, reserved 1048576K
}
Event: 241.423 GC heap before
{Heap before GC invocations=47 (full 0):
 garbage-first heap   total 246784K, used 215040K [0x0000000080000000, 0x0000000100000000)
  region size 1024K, 52 young (53248K), 7 survivors (7168K)
 Metaspace       used 127830K, committed 130112K, reserved 1179648K
  class space    used 17721K, committed 18816K, reserved 1048576K
}
Event: 241.433 GC heap after
{Heap after GC invocations=48 (full 0):
 garbage-first heap   total 246784K, used 178581K [0x0000000080000000, 0x0000000100000000)
  region size 1024K, 7 young (7168K), 7 survivors (7168K)
 Metaspace       used 127830K, committed 130112K, reserved 1179648K
  class space    used 17721K, committed 18816K, reserved 1048576K
}
Event: 242.237 GC heap before
{Heap before GC invocations=49 (full 0):
 garbage-first heap   total 299008K, used 220565K [0x0000000080000000, 0x0000000100000000)
  region size 1024K, 49 young (50176K), 7 survivors (7168K)
 Metaspace       used 130619K, committed 132992K, reserved 1179648K
  class space    used 18051K, committed 19200K, reserved 1048576K
}
Event: 242.244 GC heap after
{Heap after GC invocations=50 (full 0):
 garbage-first heap   total 299008K, used 181597K [0x0000000080000000, 0x0000000100000000)
  region size 1024K, 4 young (4096K), 4 survivors (4096K)
 Metaspace       used 130619K, committed 132992K, reserved 1179648K
  class space    used 18051K, committed 19200K, reserved 1048576K
}
Event: 245.837 GC heap before
{Heap before GC invocations=50 (full 0):
 garbage-first heap   total 299008K, used 271709K [0x0000000080000000, 0x0000000100000000)
  region size 1024K, 87 young (89088K), 4 survivors (4096K)
 Metaspace       used 139473K, committed 141888K, reserved 1179648K
  class space    used 19285K, committed 20480K, reserved 1048576K
}
Event: 245.848 GC heap after
{Heap after GC invocations=51 (full 0):
 garbage-first heap   total 299008K, used 194926K [0x0000000080000000, 0x0000000100000000)
  region size 1024K, 11 young (11264K), 11 survivors (11264K)
 Metaspace       used 139473K, committed 141888K, reserved 1179648K
  class space    used 19285K, committed 20480K, reserved 1048576K
}
Event: 247.154 GC heap before
{Heap before GC invocations=51 (full 0):
 garbage-first heap   total 299008K, used 265582K [0x0000000080000000, 0x0000000100000000)
  region size 1024K, 79 young (80896K), 11 survivors (11264K)
 Metaspace       used 142947K, committed 145408K, reserved 1179648K
  class space    used 19777K, committed 20992K, reserved 1048576K
}
Event: 247.169 GC heap after
{Heap after GC invocations=52 (full 0):
 garbage-first heap   total 299008K, used 184522K [0x0000000080000000, 0x0000000100000000)
  region size 1024K, 4 young (4096K), 4 survivors (4096K)
 Metaspace       used 142947K, committed 145408K, reserved 1179648K
  class space    used 19777K, committed 20992K, reserved 1048576K
}
Event: 248.360 GC heap before
{Heap before GC invocations=52 (full 0):
 garbage-first heap   total 299008K, used 266442K [0x0000000080000000, 0x0000000100000000)
  region size 1024K, 85 young (87040K), 4 survivors (4096K)
 Metaspace       used 152564K, committed 155072K, reserved 1245184K
  class space    used 21342K, committed 22592K, reserved 1048576K
}
Event: 248.369 GC heap after
{Heap after GC invocations=53 (full 0):
 garbage-first heap   total 299008K, used 191877K [0x0000000080000000, 0x0000000100000000)
  region size 1024K, 11 young (11264K), 11 survivors (11264K)
 Metaspace       used 152564K, committed 155072K, reserved 1245184K
  class space    used 21342K, committed 22592K, reserved 1048576K
}
Event: 248.996 GC heap before
{Heap before GC invocations=54 (full 0):
 garbage-first heap   total 314368K, used 264581K [0x0000000080000000, 0x0000000100000000)
  region size 1024K, 87 young (89088K), 11 survivors (11264K)
 Metaspace       used 159735K, committed 162240K, reserved 1245184K
  class space    used 22553K, committed 23744K, reserved 1048576K
}
Event: 249.004 GC heap after
{Heap after GC invocations=55 (full 0):
 garbage-first heap   total 314368K, used 189543K [0x0000000080000000, 0x0000000100000000)
  region size 1024K, 3 young (3072K), 3 survivors (3072K)
 Metaspace       used 159735K, committed 162240K, reserved 1245184K
  class space    used 22553K, committed 23744K, reserved 1048576K
}
Event: 250.266 GC heap before
{Heap before GC invocations=55 (full 0):
 garbage-first heap   total 318464K, used 316519K [0x0000000080000000, 0x0000000100000000)
  region size 1024K, 94 young (96256K), 3 survivors (3072K)
 Metaspace       used 164957K, committed 167424K, reserved 1245184K
  class space    used 23402K, committed 24640K, reserved 1048576K
}
Event: 250.277 GC heap after
{Heap after GC invocations=56 (full 0):
 garbage-first heap   total 330752K, used 166735K [0x0000000080000000, 0x0000000100000000)
  region size 1024K, 4 young (4096K), 4 survivors (4096K)
 Metaspace       used 164957K, committed 167424K, reserved 1245184K
  class space    used 23402K, committed 24640K, reserved 1048576K
}
Event: 350.107 GC heap before
{Heap before GC invocations=56 (full 0):
 garbage-first heap   total 330752K, used 305999K [0x0000000080000000, 0x0000000100000000)
  region size 1024K, 141 young (144384K), 4 survivors (4096K)
 Metaspace       used 165462K, committed 168000K, reserved 1245184K
  class space    used 23414K, committed 24640K, reserved 1048576K
}
Event: 350.115 GC heap after
{Heap after GC invocations=57 (full 0):
 garbage-first heap   total 330752K, used 167651K [0x0000000080000000, 0x0000000100000000)
  region size 1024K, 4 young (4096K), 4 survivors (4096K)
 Metaspace       used 165462K, committed 168000K, reserved 1245184K
  class space    used 23414K, committed 24640K, reserved 1048576K
}
Event: 353.397 GC heap before
{Heap before GC invocations=58 (full 0):
 garbage-first heap   total 330752K, used 307939K [0x0000000080000000, 0x0000000100000000)
  region size 1024K, 142 young (145408K), 4 survivors (4096K)
 Metaspace       used 166969K, committed 169536K, reserved 1245184K
  class space    used 23565K, committed 24832K, reserved 1048576K
}
Event: 353.409 GC heap after
{Heap after GC invocations=59 (full 0):
 garbage-first heap   total 330752K, used 182681K [0x0000000080000000, 0x0000000100000000)
  region size 1024K, 18 young (18432K), 18 survivors (18432K)
 Metaspace       used 166969K, committed 169536K, reserved 1245184K
  class space    used 23565K, committed 24832K, reserved 1048576K
}

